<?xml version="1.0" encoding="UTF-8"?>
<!-- Generated by org.testng.reporters.JUnitReportReporter -->
<testsuite hostname="DESKTOP-T2FG83M" failures="0" tests="2" name="java_exe.your_logo_demo_Cart" time="26.341" errors="0" timestamp="2 Nov 2022 03:49:10 GMT">
  <testcase classname="java_exe.your_logo_demo_Cart" name="testcase3" time="18.007"/>
  <testcase classname="java_exe.your_logo_demo_Cart" name="testcase2" time="8.334"/>
</testsuite> <!-- java_exe.your_logo_demo_Cart -->
