<?xml version="1.0" encoding="UTF-8"?>
<!-- Generated by org.testng.reporters.JUnitReportReporter -->
<testsuite hostname="DESKTOP-T2FG83M" failures="0" tests="2" name="java_exe.SkillRary" time="12.666" errors="0" timestamp="3 Nov 2022 09:38:59 GMT">
  <testcase classname="java_exe.SkillRary" name="tc3" time="5.862"/>
  <testcase classname="java_exe.SkillRary" name="tc2" time="6.804"/>
</testsuite> <!-- java_exe.SkillRary -->
