<?xml version="1.0" encoding="UTF-8"?>
<!-- Generated by org.testng.reporters.JUnitReportReporter -->
<testsuite hostname="DESKTOP-T2FG83M" failures="0" tests="1" name="java_exe.test" time="7.145" errors="0" timestamp="31 Oct 2022 11:04:11 GMT">
  <testcase classname="java_exe.test" name="testcase2" time="7.145"/>
</testsuite> <!-- java_exe.test -->
