<?xml version="1.0" encoding="UTF-8"?>
<!-- Generated by org.testng.reporters.JUnitReportReporter -->
<testsuite hostname="DESKTOP-T2FG83M" failures="0" tests="3" name="demo1.Automation_demo" time="17.413" errors="0" timestamp="6 Nov 2022 09:04:03 GMT">
  <testcase classname="demo1.Automation_demo" name="tc4" time="11.929"/>
  <testcase classname="demo1.Automation_demo" name="tc3" time="1.136"/>
  <testcase classname="demo1.Automation_demo" name="tc2" time="4.348"/>
</testsuite> <!-- demo1.Automation_demo -->
