<?xml version="1.0" encoding="UTF-8"?>
<!-- Generated by org.testng.reporters.JUnitReportReporter -->
<testsuite hostname="DESKTOP-T2FG83M" name="ITERA.itera_demo" tests="7" failures="0" timestamp="23 Oct 2022 08:26:07 GMT" time="62.128" errors="0">
  <testcase name="testcase2" time="7.907" classname="ITERA.itera_demo"/>
  <testcase name="testcase4" time="7.144" classname="ITERA.itera_demo"/>
  <testcase name="testcase5" time="16.671" classname="ITERA.itera_demo"/>
  <testcase name="testcase8" time="11.800" classname="ITERA.itera_demo"/>
  <testcase name="testcase7" time="5.705" classname="ITERA.itera_demo"/>
  <testcase name="testcase3" time="6.730" classname="ITERA.itera_demo"/>
  <testcase name="testcase6" time="6.171" classname="ITERA.itera_demo"/>
</testsuite> <!-- ITERA.itera_demo -->
