<?xml version="1.0" encoding="UTF-8"?>
<!-- Generated by org.testng.reporters.JUnitReportReporter -->
<testsuite hostname="DESKTOP-T2FG83M" failures="0" tests="1" name="ITERA.itera_demo" time="60.600" errors="0" timestamp="10 Nov 2022 06:02:57 GMT">
  <testcase classname="ITERA.itera_demo" name="testcase2" time="60.600"/>
</testsuite> <!-- ITERA.itera_demo -->
